<?xml version="1.0" encoding="UTF-8"?>
<testng-results ignored="0" total="1" passed="1" failed="0" skipped="0">
  <reporter-output>
  </reporter-output>
  <suite started-at="2022-03-24T20:11:26 IST" name="Default suite" finished-at="2022-03-24T20:11:36 IST" duration-ms="10000">
    <groups>
    </groups>
    <test started-at="2022-03-24T20:11:26 IST" name="Default test" finished-at="2022-03-24T20:11:36 IST" duration-ms="10000">
      <class name="test.scripts.login">
        <test-method is-config="true" signature="onSetup()[pri:0, instance:test.scripts.login@28f3b248]" started-at="2022-03-24T20:11:26 IST" name="onSetup" finished-at="2022-03-24T20:11:30 IST" duration-ms="3895" status="PASS">
          <reporter-output>
          </reporter-output>
        </test-method> <!-- onSetup -->
        <test-method signature="loginPage()[pri:0, instance:test.scripts.login@28f3b248]" started-at="2022-03-24T20:11:30 IST" name="loginPage" finished-at="2022-03-24T20:11:30 IST" duration-ms="353" status="PASS">
          <reporter-output>
          </reporter-output>
        </test-method> <!-- loginPage -->
        <test-method is-config="true" signature="quitBrowser()[pri:0, instance:test.scripts.login@28f3b248]" started-at="2022-03-24T20:11:30 IST" name="quitBrowser" finished-at="2022-03-24T20:11:36 IST" duration-ms="5699" status="PASS">
          <reporter-output>
          </reporter-output>
        </test-method> <!-- quitBrowser -->
      </class> <!-- test.scripts.login -->
    </test> <!-- Default test -->
  </suite> <!-- Default suite -->
</testng-results>
